<?xml version="1.0" encoding="UTF-8"?>
<testsuites name="jest tests" tests="42" failures="0" errors="0" time="0.689">
  <testsuite name="GET /api/analytics/report-complete" errors="0" failures="0" skipped="0" timestamp="2026-02-17T21:48:06" time="0.166" tests="4">
    <testcase classname="GET /api/analytics/report-complete" name="returns success response with stable payload shape" time="0.081">
    </testcase>
    <testcase classname="GET /api/analytics/report-complete" name="returns 403 when user cannot access report feature" time="0.001">
    </testcase>
    <testcase classname="GET /api/analytics/report-complete" name="returns 400 when date format is invalid" time="0.001">
    </testcase>
    <testcase classname="GET /api/analytics/report-complete" name="returns mapped error response when exception is thrown" time="0.003">
    </testcase>
  </testsuite>
  <testsuite name="Date Utils" errors="0" failures="0" skipped="0" timestamp="2026-02-17T21:48:07" time="0.057" tests="8">
    <testcase classname="Date Utils &gt; formatDate" name="should format date correctly" time="0.032">
    </testcase>
    <testcase classname="Date Utils &gt; formatDate" name="should handle different dates" time="0.001">
    </testcase>
    <testcase classname="Date Utils &gt; isToday" name="should return true for today" time="0">
    </testcase>
    <testcase classname="Date Utils &gt; isToday" name="should return false for yesterday" time="0">
    </testcase>
    <testcase classname="Date Utils &gt; isToday" name="should return false for tomorrow" time="0">
    </testcase>
    <testcase classname="Date Utils &gt; getDaysBetween" name="should calculate days correctly" time="0">
    </testcase>
    <testcase classname="Date Utils &gt; getDaysBetween" name="should handle same day" time="0">
    </testcase>
    <testcase classname="Date Utils &gt; getDaysBetween" name="should handle reversed dates" time="0">
    </testcase>
  </testsuite>
  <testsuite name="buildReviewContext" errors="0" failures="0" skipped="0" timestamp="2026-02-17T21:48:07" time="0.019" tests="3">
    <testcase classname="buildReviewContext" name="builds postTypeInfo and topPostInfo from analytics" time="0.004">
    </testcase>
    <testcase classname="buildReviewContext" name="aggregates strengths/actions into postSummaryInsights and resolves plan title" time="0.001">
    </testcase>
    <testcase classname="buildReviewContext" name="builds businessInfoText and aiSettingsText when user data exists" time="0">
    </testcase>
  </testsuite>
  <testsuite name="Validation Functions" errors="0" failures="0" skipped="0" timestamp="2026-02-17T21:48:07" time="0.015" tests="12">
    <testcase classname="Validation Functions &gt; isValidEmail" name="should validate correct email addresses" time="0.001">
    </testcase>
    <testcase classname="Validation Functions &gt; isValidEmail" name="should reject invalid email addresses" time="0">
    </testcase>
    <testcase classname="Validation Functions &gt; isValidEmail" name="should handle edge cases" time="0">
    </testcase>
    <testcase classname="Validation Functions &gt; isValidURL" name="should validate correct URLs" time="0.001">
    </testcase>
    <testcase classname="Validation Functions &gt; isValidURL" name="should reject invalid URLs" time="0">
    </testcase>
    <testcase classname="Validation Functions &gt; isValidURL" name="should handle edge cases" time="0">
    </testcase>
    <testcase classname="Validation Functions &gt; validatePassword" name="should accept strong passwords" time="0">
    </testcase>
    <testcase classname="Validation Functions &gt; validatePassword" name="should reject short passwords" time="0">
    </testcase>
    <testcase classname="Validation Functions &gt; validatePassword" name="should reject passwords without uppercase" time="0.001">
    </testcase>
    <testcase classname="Validation Functions &gt; validatePassword" name="should reject passwords without lowercase" time="0">
    </testcase>
    <testcase classname="Validation Functions &gt; validatePassword" name="should reject passwords without numbers" time="0">
    </testcase>
    <testcase classname="Validation Functions &gt; validatePassword" name="should return multiple errors" time="0">
    </testcase>
  </testsuite>
  <testsuite name="analyzeFeedbackSentiment" errors="0" failures="0" skipped="0" timestamp="2026-02-17T21:48:07" time="0.024" tests="3">
    <testcase classname="analyzeFeedbackSentiment" name="returns null when no entry is in period" time="0">
    </testcase>
    <testcase classname="analyzeFeedbackSentiment" name="prioritizes goalAchievementProspect over sentiment and aggregates counts" time="0.001">
    </testcase>
    <testcase classname="analyzeFeedbackSentiment" name="sorts posts by score desc then total desc and keeps top 6" time="0.001">
    </testcase>
  </testsuite>
  <testsuite name="cn (className utility)" errors="0" failures="0" skipped="0" timestamp="2026-02-17T21:48:07" time="0.024" tests="7">
    <testcase classname="cn (className utility)" name="should merge className strings" time="0.004">
    </testcase>
    <testcase classname="cn (className utility)" name="should handle conditional classes" time="0">
    </testcase>
    <testcase classname="cn (className utility)" name="should handle Tailwind conflicting classes" time="0">
    </testcase>
    <testcase classname="cn (className utility)" name="should handle undefined and null" time="0">
    </testcase>
    <testcase classname="cn (className utility)" name="should handle empty string" time="0">
    </testcase>
    <testcase classname="cn (className utility)" name="should handle arrays" time="0">
    </testcase>
    <testcase classname="cn (className utility)" name="should handle objects for conditional classes" time="0.001">
    </testcase>
  </testsuite>
  <testsuite name="buildPostDeepDive" errors="0" failures="0" skipped="0" timestamp="2026-02-17T21:48:07" time="0.016" tests="3">
    <testcase classname="buildPostDeepDive" name="builds deep dive with computed engagementRate and snapshot reference" time="0">
    </testcase>
    <testcase classname="buildPostDeepDive" name="returns engagementRate 0 when reach is 0" time="0.001">
    </testcase>
    <testcase classname="buildPostDeepDive" name="applies limit and keeps map insertion order" time="0">
    </testcase>
  </testsuite>
  <testsuite name="Example Test Suite" errors="0" failures="0" skipped="0" timestamp="2026-02-17T21:48:07" time="0.012" tests="2">
    <testcase classname="Example Test Suite" name="should pass this test" time="0">
    </testcase>
    <testcase classname="Example Test Suite" name="should calculate correctly" time="0">
    </testcase>
  </testsuite>
</testsuites>